[ 2017-12-15 15:38:27 ] INFO Master file started 
[ 2017-12-15 15:38:51 ] INFO Master file started 
[ 2017-12-17 10:54:57 ] INFO Master file started 
[ 2017-12-17 11:38:41 ] INFO Master file started 
[ 2017-12-17 12:05:13 ] INFO Master file started 
[ 2017-12-17 16:59:26 ] INFO Master file started 
[ 2017-12-17 18:27:12 ] INFO Master file started 
[ 2017-12-17 18:29:31 ] INFO Master file started 
[ 2017-12-17 19:21:04 ] INFO Master file started 
[ 2017-12-18 09:10:27 ] INFO Master file started 
[ 2017-12-18 13:57:13 ] INFO Master file started 
[ 2017-12-18 13:58:15 ] INFO Master file started 
[ 2017-12-18 14:04:43 ] INFO Master file started 
[ 2017-12-18 14:08:32 ] INFO Master file started 
[ 2017-12-18 16:54:12 ] INFO Master file started 
[ 2017-12-18 16:55:06 ] INFO Master file started 
[ 2017-12-18 17:43:39 ] INFO Master file started 
[ 2017-12-18 17:44:06 ] INFO Master file started 
[ 2017-12-18 17:44:15 ] INFO Master file started 
[ 2017-12-19 09:39:18 ] INFO Master file started 
[ 2017-12-19 11:01:41 ] INFO Master file started 
[ 2017-12-19 11:53:11 ] INFO Master file started 
[ 2017-12-19 11:58:08 ] INFO Master file started 
[ 2017-12-19 11:58:08 ] INFO data loading finished 
[ 2017-12-19 11:58:08 ] INFO data merging finished 
[ 2017-12-19 11:58:08 ] INFO Master file completed 
[ 2017-12-19 12:01:28 ] INFO Master file started 
[ 2017-12-19 12:01:28 ] INFO data loading finished 
[ 2017-12-19 12:01:28 ] INFO data merging finished 
[ 2017-12-19 12:01:28 ] INFO Master file completed 
[ 2017-12-19 12:36:50 ] INFO Master file started 
[ 2017-12-19 12:36:50 ] INFO data loading finished 
[ 2017-12-19 12:36:50 ] INFO data merging finished 
[ 2017-12-19 12:36:50 ] INFO Master file completed 
[ 2017-12-19 12:42:30 ] INFO Master file started 
[ 2017-12-19 12:42:30 ] INFO data loading finished 
[ 2017-12-19 12:42:30 ] INFO data merging finished 
[ 2017-12-19 12:42:30 ] INFO Master file completed 
[ 2017-12-19 12:44:47 ] INFO Master file started 
[ 2017-12-19 12:44:47 ] INFO data loading finished 
[ 2017-12-19 12:45:03 ] INFO Master file started 
[ 2017-12-19 12:45:03 ] INFO data loading finished 
[ 2017-12-19 12:45:03 ] INFO data merging finished 
[ 2017-12-19 12:45:03 ] INFO Master file completed 
[ 2017-12-19 12:50:53 ] INFO Master file started 
[ 2017-12-19 12:50:53 ] INFO data loading finished 
[ 2017-12-19 12:50:53 ] INFO data merging finished 
[ 2017-12-19 12:50:53 ] INFO Master file completed 
[ 2017-12-19 13:03:06 ] INFO Master file started 
[ 2017-12-19 13:03:39 ] INFO Master file started 
[ 2017-12-19 13:04:30 ] INFO Master file started 
[ 2017-12-19 13:05:36 ] INFO Master file started 
[ 2017-12-19 13:05:36 ] INFO data loading finished 
[ 2017-12-19 13:05:53 ] INFO Master file started 
[ 2017-12-19 13:05:53 ] INFO data loading finished 
[ 2017-12-19 13:05:53 ] INFO data preparation finished 
[ 2017-12-19 13:05:53 ] INFO data merging finished 
[ 2017-12-19 13:06:17 ] INFO Master file started 
[ 2017-12-19 13:06:17 ] INFO data loading finished 
[ 2017-12-19 13:10:16 ] INFO Master file started 
[ 2017-12-19 13:10:16 ] INFO data loading finished 
[ 2017-12-19 13:15:49 ] INFO Master file started 
[ 2017-12-19 13:15:49 ] INFO data loading finished 
[ 2017-12-19 13:15:49 ] INFO data preparation finished 
[ 2017-12-19 13:17:23 ] INFO Master file started 
[ 2017-12-19 13:17:24 ] INFO data loading finished 
[ 2017-12-19 13:17:24 ] INFO data preparation finished 
[ 2017-12-19 13:18:41 ] INFO Master file started 
[ 2017-12-19 13:18:41 ] INFO data loading finished 
[ 2017-12-19 13:18:41 ] INFO data preparation finished 
[ 2017-12-19 13:53:20 ] INFO Master file started 
[ 2017-12-19 13:53:20 ] INFO data loading finished 
[ 2017-12-19 13:58:57 ] INFO Master file started 
[ 2017-12-19 13:58:57 ] INFO data loading finished 
[ 2017-12-19 13:58:57 ] INFO data preparation finished 
[ 2018-01-03 18:27:59 ] INFO Master file started 
[ 2018-01-03 20:35:08 ] INFO Master file started 
[ 2018-01-03 20:43:08 ] INFO Master file started 
[ 2018-01-03 20:43:09 ] INFO data loading finished 
[ 2018-01-04 13:56:45 ] INFO Master file started 
[ 2018-01-04 16:36:18 ] INFO Master file started 
[ 2018-01-04 17:41:25 ] INFO Master file started 
[ 2018-01-04 17:42:45 ] INFO Master file started 
[ 2018-01-04 17:55:21 ] INFO Master file started 
[ 2018-01-04 17:55:22 ] INFO data loading finished 
[ 2018-01-04 17:59:10 ] INFO Master file started 
[ 2018-01-04 17:59:10 ] INFO data loading finished 
[ 2018-01-04 18:02:20 ] INFO Master file started 
[ 2018-01-04 18:02:20 ] INFO data loading finished 
[ 2018-01-04 18:09:13 ] INFO Master file started 
[ 2018-01-04 18:09:13 ] INFO data loading finished 
[ 2018-01-06 12:54:30 ] INFO Master file started 
[ 2018-01-06 12:54:31 ] INFO data loading finished 
[ 2018-01-06 15:53:29 ] INFO Master file started 
[ 2018-01-06 15:53:30 ] INFO data loading finished 
[ 2018-01-06 16:27:59 ] INFO Master file started 
[ 2018-01-06 16:28:00 ] INFO data loading finished 
[ 2018-01-06 16:30:58 ] INFO Master file started 
[ 2018-01-06 16:30:58 ] INFO data loading finished 
[ 2018-01-06 16:56:01 ] INFO Master file started 
[ 2018-01-06 16:56:01 ] INFO data loading finished 
[ 2018-01-06 17:11:02 ] INFO Master file started 
[ 2018-01-06 17:11:02 ] INFO data loading finished 
[ 2018-01-06 17:11:06 ] INFO data preparation finished 
[ 2018-01-06 17:11:06 ] INFO data merging finished 
[ 2018-01-06 17:11:06 ] INFO Master file completed 
[ 2018-01-07 12:45:31 ] INFO Master file started 
[ 2018-01-07 12:45:32 ] INFO data loading finished 
[ 2018-01-07 12:45:35 ] INFO data preparation finished 
[ 2018-01-07 13:39:15 ] INFO Master file started 
[ 2018-01-07 13:39:15 ] INFO data loading finished 
[ 2018-01-07 13:39:20 ] INFO data preparation finished 
[ 2018-01-07 13:51:27 ] INFO Master file started 
[ 2018-01-07 13:51:27 ] INFO data loading finished 
[ 2018-01-07 13:51:32 ] INFO data preparation finished 
[ 2018-01-07 13:53:03 ] INFO Master file started 
[ 2018-01-07 13:53:03 ] INFO data loading finished 
[ 2018-01-07 13:54:57 ] INFO Master file started 
[ 2018-01-07 13:54:57 ] INFO data loading finished 
[ 2018-01-07 13:55:01 ] INFO data preparation finished 
